1598900400483	geckodriver	INFO	Listening on 127.0.0.1:60692
1598900542984	geckodriver	INFO	Listening on 127.0.0.1:60780
1598901180936	geckodriver	INFO	Listening on 127.0.0.1:60995
1598964470952	geckodriver	INFO	Listening on 127.0.0.1:61157
1598964474021	mozrunner::runner	INFO	Running command: "C:\\Program Files\\Mozilla Firefox\\firefox.exe" "--marionette" "-foreground" "-no-remote" "-profile" "C:\\Users\\33619\\AppData\\Local\\Temp\\rust_mozprofileTVQPss"
JavaScript error: resource://gre/modules/XULStore.jsm, line 66: Error: Can't find profile directory.
console.error: SearchCache: "_readCacheFile: Error reading cache file:" (new Error("", "(unknown module)"))
1598964476379	Marionette	INFO	Listening on port 61165
1598964476678	Marionette	WARN	TLS certificate errors will be ignored for this session
1598964502414	Marionette	INFO	Stopped listening on port 61165

###!!! [Child][RunMessage] Error: Channel closing: too late to send/recv, messages will be lost


###!!! [Child][MessageChannel::SendAndWait] Error: Channel error: cannot send/recv

1598964593410	geckodriver	INFO	Listening on 127.0.0.1:61273
1598964596492	mozrunner::runner	INFO	Running command: "C:\\Program Files\\Mozilla Firefox\\firefox.exe" "--marionette" "-foreground" "-no-remote" "-profile" "C:\\Users\\33619\\AppData\\Local\\Temp\\rust_mozprofileR7Ad66"
JavaScript error: resource://gre/modules/XULStore.jsm, line 66: Error: Can't find profile directory.
console.error: SearchCache: "_readCacheFile: Error reading cache file:" (new Error("", "(unknown module)"))
1598964598737	Marionette	INFO	Listening on port 61281
1598964599158	Marionette	WARN	TLS certificate errors will be ignored for this session
console.error: Region.jsm: "Error fetching region" (new AbortError("The operation was aborted. ", (void 0), 689))
console.error: Region.jsm: "Failed to fetch region" (new Error("NO_RESULT", "resource://gre/modules/Region.jsm", 343))
1598964606120	Marionette	INFO	Stopped listening on port 61281

###!!! [Child][RunMessage] Error: Channel closing: too late to send/recv, messages will be lost


###!!! [Child][MessageChannel::SendAndWait] Error: Channel error: cannot send/recv

1598964801813	geckodriver	INFO	Listening on 127.0.0.1:61413
1598964804888	mozrunner::runner	INFO	Running command: "C:\\Program Files\\Mozilla Firefox\\firefox.exe" "--marionette" "-foreground" "-no-remote" "-profile" "C:\\Users\\33619\\AppData\\Local\\Temp\\rust_mozprofileGBSGHG"
JavaScript error: resource://gre/modules/XULStore.jsm, line 66: Error: Can't find profile directory.
console.error: SearchCache: "_readCacheFile: Error reading cache file:" (new Error("", "(unknown module)"))
1598964807282	Marionette	INFO	Listening on port 61421
1598964807558	Marionette	WARN	TLS certificate errors will be ignored for this session
1598964863590	Marionette	INFO	Stopped listening on port 61421

###!!! [Child][RunMessage] Error: Channel closing: too late to send/recv, messages will be lost


###!!! [Child][MessageChannel::SendAndWait] Error: Channel error: cannot send/recv

1598965088160	geckodriver	INFO	Listening on 127.0.0.1:61564
1598965091246	mozrunner::runner	INFO	Running command: "C:\\Program Files\\Mozilla Firefox\\firefox.exe" "--marionette" "-foreground" "-no-remote" "-profile" "C:\\Users\\33619\\AppData\\Local\\Temp\\rust_mozprofileVPwQkP"
JavaScript error: resource://gre/modules/XULStore.jsm, line 66: Error: Can't find profile directory.
console.error: SearchCache: "_readCacheFile: Error reading cache file:" (new Error("", "(unknown module)"))
1598965093669	Marionette	INFO	Listening on port 61572
1598965093910	Marionette	WARN	TLS certificate errors will be ignored for this session
console.error: Region.jsm: "Error fetching region" (new AbortError("The operation was aborted. ", (void 0), 689))
console.error: Region.jsm: "Failed to fetch region" (new Error("NO_RESULT", "resource://gre/modules/Region.jsm", 343))
1598965412734	Marionette	INFO	Stopped listening on port 61572

###!!! [Child][RunMessage] Error: Channel closing: too late to send/recv, messages will be lost


###!!! [Child][MessageChannel::SendAndWait] Error: Channel error: cannot send/recv

1598965455120	geckodriver	INFO	Listening on 127.0.0.1:61818
1598965458204	mozrunner::runner	INFO	Running command: "C:\\Program Files\\Mozilla Firefox\\firefox.exe" "--marionette" "-foreground" "-no-remote" "-profile" "C:\\Users\\33619\\AppData\\Local\\Temp\\rust_mozprofileNlSaj5"
JavaScript error: resource://gre/modules/XULStore.jsm, line 66: Error: Can't find profile directory.
console.error: SearchCache: "_readCacheFile: Error reading cache file:" (new Error("", "(unknown module)"))
1598965461196	Marionette	INFO	Listening on port 61826
1598965461380	Marionette	WARN	TLS certificate errors will be ignored for this session
console.error: Region.jsm: "Error fetching region" (new AbortError("The operation was aborted. ", (void 0), 689))
console.error: Region.jsm: "Failed to fetch region" (new Error("NO_RESULT", "resource://gre/modules/Region.jsm", 343))
1598965584691	Marionette	INFO	Stopped listening on port 61826

###!!! [Child][RunMessage] Error: Channel closing: too late to send/recv, messages will be lost


###!!! [Child][MessageChannel::SendAndWait] Error: Channel error: cannot send/recv

1598965615197	geckodriver	INFO	Listening on 127.0.0.1:61971
1598965618286	mozrunner::runner	INFO	Running command: "C:\\Program Files\\Mozilla Firefox\\firefox.exe" "--marionette" "-foreground" "-no-remote" "-profile" "C:\\Users\\33619\\AppData\\Local\\Temp\\rust_mozprofileMDOPZM"
JavaScript error: resource://gre/modules/XULStore.jsm, line 66: Error: Can't find profile directory.
console.error: SearchCache: "_readCacheFile: Error reading cache file:" (new Error("", "(unknown module)"))
1598965621150	Marionette	INFO	Listening on port 61979
1598965621458	Marionette	WARN	TLS certificate errors will be ignored for this session
1598965628220	Marionette	INFO	Stopped listening on port 61979

###!!! [Child][RunMessage] Error: Channel closing: too late to send/recv, messages will be lost


###!!! [Child][MessageChannel::SendAndWait] Error: Channel error: cannot send/recv

1598965905368	geckodriver	INFO	Listening on 127.0.0.1:62176
1598965908432	mozrunner::runner	INFO	Running command: "C:\\Program Files\\Mozilla Firefox\\firefox.exe" "--marionette" "-foreground" "-no-remote" "-profile" "C:\\Users\\33619\\AppData\\Local\\Temp\\rust_mozprofilenPWlkz"
JavaScript error: resource://gre/modules/XULStore.jsm, line 66: Error: Can't find profile directory.
console.error: SearchCache: "_readCacheFile: Error reading cache file:" (new Error("", "(unknown module)"))
1598965910813	Marionette	INFO	Listening on port 62184
1598965911111	Marionette	WARN	TLS certificate errors will be ignored for this session
console.error: Region.jsm: "Error fetching region" (new AbortError("The operation was aborted. ", (void 0), 689))
console.error: Region.jsm: "Failed to fetch region" (new Error("NO_RESULT", "resource://gre/modules/Region.jsm", 343))
1598965917720	Marionette	INFO	Stopped listening on port 62184

###!!! [Child][RunMessage] Error: Channel closing: too late to send/recv, messages will be lost


###!!! [Child][MessageChannel::SendAndWait] Error: Channel error: cannot send/recv

1598966128697	geckodriver	INFO	Listening on 127.0.0.1:62338
1598966131781	mozrunner::runner	INFO	Running command: "C:\\Program Files\\Mozilla Firefox\\firefox.exe" "--marionette" "-foreground" "-no-remote" "-profile" "C:\\Users\\33619\\AppData\\Local\\Temp\\rust_mozprofiledjt1vQ"
JavaScript error: resource://gre/modules/XULStore.jsm, line 66: Error: Can't find profile directory.
console.error: SearchCache: "_readCacheFile: Error reading cache file:" (new Error("", "(unknown module)"))
1598966134113	Marionette	INFO	Listening on port 62346
1598966134443	Marionette	WARN	TLS certificate errors will be ignored for this session
console.error: Region.jsm: "Error fetching region" (new AbortError("The operation was aborted. ", (void 0), 689))
console.error: Region.jsm: "Failed to fetch region" (new Error("NO_RESULT", "resource://gre/modules/Region.jsm", 343))
1598966828887	Marionette	INFO	Stopped listening on port 62346

###!!! [Child][RunMessage] Error: Channel closing: too late to send/recv, messages will be lost


###!!! [Child][MessageChannel::SendAndWait] Error: Channel error: cannot send/recv

1598967381912	geckodriver	INFO	Listening on 127.0.0.1:62561
1598967384995	mozrunner::runner	INFO	Running command: "C:\\Program Files\\Mozilla Firefox\\firefox.exe" "--marionette" "-foreground" "-no-remote" "-profile" "C:\\Users\\33619\\AppData\\Local\\Temp\\rust_mozprofilez3z85r"
JavaScript error: resource://gre/modules/XULStore.jsm, line 66: Error: Can't find profile directory.
console.error: SearchCache: "_readCacheFile: Error reading cache file:" (new Error("", "(unknown module)"))
1598967387417	Marionette	INFO	Listening on port 62569
1598967387657	Marionette	WARN	TLS certificate errors will be ignored for this session
console.error: Region.jsm: "Error fetching region" (new AbortError("The operation was aborted. ", (void 0), 689))
console.error: Region.jsm: "Failed to fetch region" (new Error("NO_RESULT", "resource://gre/modules/Region.jsm", 343))
1598967489570	Marionette	INFO	Stopped listening on port 62569

###!!! [Child][MessageChannel::SendAndWait] Error: Channel error: cannot send/recv

1598967499437	geckodriver	INFO	Listening on 127.0.0.1:62692
1598967502519	mozrunner::runner	INFO	Running command: "C:\\Program Files\\Mozilla Firefox\\firefox.exe" "--marionette" "-foreground" "-no-remote" "-profile" "C:\\Users\\33619\\AppData\\Local\\Temp\\rust_mozprofileteWQbu"
JavaScript error: resource://gre/modules/XULStore.jsm, line 66: Error: Can't find profile directory.
console.error: SearchCache: "_readCacheFile: Error reading cache file:" (new Error("", "(unknown module)"))
1598967504840	Marionette	INFO	Listening on port 62700
1598967505185	Marionette	WARN	TLS certificate errors will be ignored for this session
console.error: Region.jsm: "Error fetching region" (new AbortError("The operation was aborted. ", (void 0), 689))
console.error: Region.jsm: "Failed to fetch region" (new Error("NO_RESULT", "resource://gre/modules/Region.jsm", 343))
1598967521754	Marionette	INFO	Stopped listening on port 62700

###!!! [Child][RunMessage] Error: Channel closing: too late to send/recv, messages will be lost


###!!! [Child][MessageChannel::SendAndWait] Error: Channel error: cannot send/recv

1598967611636	geckodriver	INFO	Listening on 127.0.0.1:62822
1598967614711	mozrunner::runner	INFO	Running command: "C:\\Program Files\\Mozilla Firefox\\firefox.exe" "--marionette" "-foreground" "-no-remote" "-profile" "C:\\Users\\33619\\AppData\\Local\\Temp\\rust_mozprofiledgRCCf"
JavaScript error: resource://gre/modules/XULStore.jsm, line 66: Error: Can't find profile directory.
console.error: SearchCache: "_readCacheFile: Error reading cache file:" (new Error("", "(unknown module)"))
1598967617037	Marionette	INFO	Listening on port 62830
1598967617372	Marionette	WARN	TLS certificate errors will be ignored for this session
console.error: Region.jsm: "Error fetching region" (new AbortError("The operation was aborted. ", (void 0), 689))
console.error: Region.jsm: "Failed to fetch region" (new Error("NO_RESULT", "resource://gre/modules/Region.jsm", 343))
1598967630588	Marionette	INFO	Stopped listening on port 62830

###!!! [Child][RunMessage] Error: Channel closing: too late to send/recv, messages will be lost


###!!! [Child][MessageChannel::SendAndWait] Error: Channel error: cannot send/recv

1598968641981	geckodriver	INFO	Listening on 127.0.0.1:63096
1598968645059	mozrunner::runner	INFO	Running command: "C:\\Program Files\\Mozilla Firefox\\firefox.exe" "--marionette" "-foreground" "-no-remote" "-profile" "C:\\Users\\33619\\AppData\\Local\\Temp\\rust_mozprofileVIb1V0"
JavaScript error: resource://gre/modules/XULStore.jsm, line 66: Error: Can't find profile directory.
console.error: SearchCache: "_readCacheFile: Error reading cache file:" (new Error("", "(unknown module)"))
1598968648700	Marionette	INFO	Listening on port 63105
1598968648745	Marionette	WARN	TLS certificate errors will be ignored for this session
console.error: Region.jsm: "Error fetching region" (new AbortError("The operation was aborted. ", (void 0), 689))
console.error: Region.jsm: "Failed to fetch region" (new Error("NO_RESULT", "resource://gre/modules/Region.jsm", 343))
1598969185319	Marionette	INFO	Stopped listening on port 63105

###!!! [Child][RunMessage] Error: Channel closing: too late to send/recv, messages will be lost


###!!! [Child][MessageChannel::SendAndWait] Error: Channel error: cannot send/recv

Temp\\rust_mozprofileV2AbXT"
JavaScript error: resource://gre/modules/XULStore.jsm, line 66: Error: Can't find profile directory.
console.error: SearchCache: "_readCacheFile: Error reading cache file:" (new Error("", "(unknown module)"))
1598969158073	Marionette	INFO	Listening on port 63270
1598969158276	Marionette	WARN	TLS certificate errors will be ignored for this session
console.error: Region.jsm: "Error fetching region" (new AbortError("The operation was aborted. ", (void 0), 689))
console.error: Region.jsm: "Failed to fetch region" (new Error("NO_RESULT", "resource://gre/modules/Region.jsm", 343))
1598969164906	Marionette	INFO	Stopped listening on port 63270

###!!! [Child][RunMessage] Error: Channel closing: too late to send/recv, messages will be lost


###!!! [Child][MessageChannel::SendAndWait] Error: Channel error: cannot send/recv

1598969297931	geckodriver	INFO	Listening on 127.0.0.1:63472
1598969301015	mozrunner::runner	INFO	Running command: "C:\\Program Files\\Mozilla Firefox\\firefox.exe" "--marionette" "-foreground" "-no-remote" "-profile" "C:\\Users\\33619\\AppData\\Local\\Temp\\rust_mozprofileDYLaSn"
JavaScript error: resource://gre/modules/XULStore.jsm, line 66: Error: Can't find profile directory.
console.error: SearchCache: "_readCacheFile: Error reading cache file:" (new Error("", "(unknown module)"))
1598969304581	Marionette	INFO	Listening on port 63483
1598969304694	Marionette	WARN	TLS certificate errors will be ignored for this session
console.error: Region.jsm: "Error fetching region" (new AbortError("The operation was aborted. ", (void 0), 689))
console.error: Region.jsm: "Failed to fetch region" (new Error("NO_RESULT", "resource://gre/modules/Region.jsm", 343))
1598995051902	Marionette	INFO	Stopped listening on port 63483

###!!! [Child][MessageChannel::SendAndWait] Error: Channel error: cannot send/recv

firefox.exe" "--marionette" "-foreground" "-no-remote" "-profile" "C:\\Users\\33619\\AppData\\Local\\Temp\\rust_mozprofilensasY1"
JavaScript error: resource://gre/modules/XULStore.jsm, line 66: Error: Can't find profile directory.
console.error: SearchCache: "_readCacheFile: Error reading cache file:" (new Error("", "(unknown module)"))
1598969469324	Marionette	INFO	Listening on port 63638
1598969469392	Marionette	WARN	TLS certificate errors will be ignored for this session
console.error: Region.jsm: "Error fetching region" (new AbortError("The operation was aborted. ", (void 0), 689))
console.error: Region.jsm: "Failed to fetch region" (new Error("NO_RESULT", "resource://gre/modules/Region.jsm", 343))
console.warn: "Got a mutation for an unexpected actor: server0.conn0.child2/domnode95, please file a bug on bugzilla.mozilla.org!"
console.trace: 
resource://devtools/client/fronts/walker.js 285 getMutations
console.warn: "Got a mutation for an unexpected actor: server0.conn0.child2/domnode95, please file a bug on bugzilla.mozilla.org!"
console.trace: 
resource://devtools/client/fronts/walker.js 285 getMutations
console.error: "Error while calling actor 'pagestyle's method 'isPositionEditable'" "getComputedStyle(...) is null"
console.error: "getDefinedGeometryProperties@resource://devtools/server/actors/highlighters/geometry-editor.js:175:40\nisPositionEditable@resource://devtools/server/actors/styles.js:626:47\nhandler@resource://devtools/shared/protocol/Actor.js:162:37\nonPacket@resource://devtools/server/devtools-server-connection.js:379:58\nreceiveMessage@resource://devtools/shared/transport/child-transport.js:66:16\n"
console.error: (new Error("Protocol error (TypeError): getComputedStyle(...) is null from: server0.conn0.child2/pagestyle26 (resource://devtools/server/actors/highlighters/geometry-editor.js:175:40)", "resource://devtools/shared/protocol/Front.js", 323))
console.error: "Error sending event: display-change"
console.error: ({})
[Exception... "Component returned failure code: 0x80070057 (NS_ERROR_ILLEGAL_VALUE) [nsIEventListenerService.getListenerInfoFor]"  nsresult: "0x80070057 (NS_ERROR_ILLEGAL_VALUE)"  location: "JS frame :: resource://devtools/server/actors/inspector/event-collector.js :: getDOMListeners :: line 266"  data: no]: getDOMListeners@resource://devtools/server/actors/inspector/event-collector.js:266:22
getListeners@resource://devtools/server/actors/inspector/event-collector.js:334:28
hasListeners@resource://devtools/server/actors/inspector/event-collector.js:227:17
hasEventListeners@resource://devtools/server/actors/inspector/event-collector.js:800:21
get _hasEventListeners@resource://devtools/server/actors/inspector/node.js:459:33
form@resource://devtools/server/actors/inspector/node.js:262:7
write@resource://devtools/shared/protocol/types.js:363:32
types.addArrayType/write/<@resource://devtools/shared/protocol/types.js:220:33
write@resource://devtools/shared/protocol/types.js:220:16
write@resource://devtools/shared/protocol/Request.js:117:22
write@resource://devtools/shared/protocol/Request.js:43:26
_sendEvent@resource://devtools/shared/protocol/Actor.js:66:24
initialize/<@resource://devtools/shared/protocol/Actor.js:46:16
_emit@resource://devtools/shared/event-emitter.js:226:34
emit@resource://devtools/shared/event-emitter.js:172:18
emit@resource://devtools/shared/event-emitter.js:324:18
_onReflows@resource://devtools/server/actors/inspector/walker.js:670:12
_emit@resource://devtools/shared/event-emitter.js:226:34
emit@resource://devtools/shared/event-emitter.js:172:18
emit@resource://devtools/shared/event-emitter.js:324:18
_startEventLoop@resource://devtools/server/actors/reflow.js:314:12
notify@resource://gre/modules/Timer.jsm:62:17

console.error: "Error sending event: scrollable-change"
console.error: ({})
[Exception... "Component returned failure code: 0x80070057 (NS_ERROR_ILLEGAL_VALUE) [nsIEventListenerService.getListenerInfoFor]"  nsresult: "0x80070057 (NS_ERROR_ILLEGAL_VALUE)"  location: "JS frame :: resource://devtools/server/actors/inspector/event-collector.js :: getDOMListeners :: line 266"  data: no]: getDOMListeners@resource://devtools/server/actors/inspector/event-collector.js:266:22
getListeners@resource://devtools/server/actors/inspector/event-collector.js:334:28
hasListeners@resource://devtools/server/actors/inspector/event-collector.js:227:17
hasEventListeners@resource://devtools/server/actors/inspector/event-collector.js:800:21
get _hasEventListeners@resource://devtools/server/actors/inspector/node.js:459:33
form@resource://devtools/server/actors/inspector/node.js:262:7
write@resource://devtools/shared/protocol/types.js:363:32
types.addArrayType/write/<@resource://devtools/shared/protocol/types.js:220:33
write@resource://devtools/shared/protocol/types.js:220:16
write@resource://devtools/shared/protocol/Request.js:117:22
write@resource://devtools/shared/protocol/Request.js:43:26
_sendEvent@resource://devtools/shared/protocol/Actor.js:66:24
initialize/<@resource://devtools/shared/protocol/Actor.js:46:16
_emit@resource://devtools/shared/event-emitter.js:226:34
emit@resource://devtools/shared/event-emitter.js:172:18
emit@resource://devtools/shared/event-emitter.js:324:18
_onReflows@resource://devtools/server/actors/inspector/walker.js:674:12
_emit@resource://devtools/shared/event-emitter.js:226:34
emit@resource://devtools/shared/event-emitter.js:172:18
emit@resource://devtools/shared/event-emitter.js:324:18
_startEventLoop@resource://devtools/server/actors/reflow.js:314:12
notify@resource://gre/modules/Timer.jsm:62:17

1598995064531	Marionette	INFO	Stopped listening on port 63638

###!!! [Child][MessageChannel::SendAndWait] Error: Channel error: cannot send/recv

firefox.exe" "--marionette" "-foreground" "-no-remote" "-profile" "C:\\Users\\33619\\AppData\\Local\\Temp\\rust_mozprofileK0kcSV"
JavaScript error: resource://gre/modules/XULStore.jsm, line 66: Error: Can't find profile directory.
console.error: SearchCache: "_readCacheFile: Error reading cache file:" (new Error("", "(unknown module)"))
1598971077276	Marionette	INFO	Listening on port 64055
1598971077633	Marionette	WARN	TLS certificate errors will be ignored for this session
console.error: Region.jsm: "Error fetching region" (new AbortError("The operation was aborted. ", (void 0), 689))
console.error: Region.jsm: "Failed to fetch region" (new Error("NO_RESULT", "resource://gre/modules/Region.jsm", 343))
1598995062725	Marionette	INFO	Stopped listening on port 64055

###!!! [Child][RunMessage] Error: Channel closing: too late to send/recv, messages will be lost


###!!! [Child][MessageChannel::SendAndWait] Error: Channel error: cannot send/recv

Temp\\rust_mozprofilezHAAcr"
JavaScript error: resource://gre/modules/XULStore.jsm, line 66: Error: Can't find profile directory.
console.error: SearchCache: "_readCacheFile: Error reading cache file:" (new Error("", "(unknown module)"))
1598971720326	Marionette	INFO	Listening on port 64281
1598971720740	Marionette	WARN	TLS certificate errors will be ignored for this session
console.error: Region.jsm: "Error fetching region" (new AbortError("The operation was aborted. ", (void 0), 689))
console.error: Region.jsm: "Failed to fetch region" (new Error("NO_RESULT", "resource://gre/modules/Region.jsm", 343))
1598971756295	Marionette	INFO	Stopped listening on port 64281

###!!! [Child][RunMessage] Error: Channel closing: too late to send/recv, messages will be lost


###!!! [Child][MessageChannel::SendAndWait] Error: Channel error: cannot send/recv

1598971795471	geckodriver	INFO	Listening on 127.0.0.1:64419
1598971798532	mozrunner::runner	INFO	Running command: "C:\\Program Files\\Mozilla Firefox\\firefox.exe" "--marionette" "-foreground" "-no-remote" "-profile" "C:\\Users\\33619\\AppData\\Local\\Temp\\rust_mozprofileM536oU"
JavaScript error: resource://gre/modules/XULStore.jsm, line 66: Error: Can't find profile directory.
console.error: SearchCache: "_readCacheFile: Error reading cache file:" (new Error("", "(unknown module)"))
1598971801028	Marionette	INFO	Listening on port 64427
1598971801192	Marionette	WARN	TLS certificate errors will be ignored for this session
console.error: Region.jsm: "Error fetching region" (new AbortError("The operation was aborted. ", (void 0), 689))
console.error: Region.jsm: "Failed to fetch region" (new Error("NO_RESULT", "resource://gre/modules/Region.jsm", 343))
1598973303020	Marionette	INFO	Stopped listening on port 64427

###!!! [Child][RunMessage] Error: Channel closing: too late to send/recv, messages will be lost


###!!! [Child][MessageChannel::SendAndWait] Error: Channel error: cannot send/recv

Temp\\rust_mozprofileT2SpTA"
JavaScript error: resource://gre/modules/XULStore.jsm, line 66: Error: Can't find profile directory.
console.error: SearchCache: "_readCacheFile: Error reading cache file:" (new Error("", "(unknown module)"))
1598971998184	Marionette	INFO	Listening on port 64577
1598971998572	Marionette	WARN	TLS certificate errors will be ignored for this session
console.error: Region.jsm: "Error fetching region" (new AbortError("The operation was aborted. ", (void 0), 689))
console.error: Region.jsm: "Failed to fetch region" (new Error("NO_RESULT", "resource://gre/modules/Region.jsm", 343))
1598995060803	Marionette	INFO	Stopped listening on port 64577

###!!! [Child][RunMessage] Error: Channel closing: too late to send/recv, messages will be lost

"--marionette" "-foreground" "-no-remote" "-profile" "C:\\Users\\33619\\AppData\\Local\\Temp\\rust_mozprofileAZYfx6"
JavaScript error: resource://gre/modules/XULStore.jsm, line 66: Error: Can't find profile directory.
console.error: SearchCache: "_readCacheFile: Error reading cache file:" (new Error("", "(unknown module)"))
1598973338751	Marionette	INFO	Listening on port 64909
1598973338828	Marionette	WARN	TLS certificate errors will be ignored for this session
1598973341967	Marionette	INFO	Stopped listening on port 64909
console.error: Region.jsm: "Error fetching region" (new TypeError("NetworkError when attempting to fetch resource.", ""))
console.error: Region.jsm: "Failed to fetch region" (new Error("NO_RESULT", "resource://gre/modules/Region.jsm", 343))

###!!! [Child][RunMessage] Error: Channel closing: too late to send/recv, messages will be lost


###!!! [Child][MessageChannel::SendAndWait] Error: Channel error: cannot send/recv

1598973554704	geckodriver	INFO	Listening on 127.0.0.1:65052
1598973557766	mozrunner::runner	INFO	Running command: "C:\\Program Files\\Mozilla Firefox\\firefox.exe" "--marionette" "-foreground" "-no-remote" "-profile" "C:\\Users\\33619\\AppData\\Local\\Temp\\rust_mozprofileJl30Sd"
JavaScript error: resource://gre/modules/XULStore.jsm, line 66: Error: Can't find profile directory.
console.error: SearchCache: "_readCacheFile: Error reading cache file:" (new Error("", "(unknown module)"))
1598973560226	Marionette	INFO	Listening on port 65060
1598973560437	Marionette	WARN	TLS certificate errors will be ignored for this session
1598973561936	Marionette	INFO	Stopped listening on port 65060
console.error: Region.jsm: "Error fetching region" (new TypeError("NetworkError when attempting to fetch resource.", ""))
console.error: Region.jsm: "Failed to fetch region" (new Error("NO_RESULT", "resource://gre/modules/Region.jsm", 343))

###!!! [Child][RunMessage] Error: Channel closing: too late to send/recv, messages will be lost


###!!! [Child][MessageChannel::SendAndWait] Error: Channel error: cannot send/recv

1598974069398	geckodriver	INFO	Listening on 127.0.0.1:65201
1598974072481	mozrunner::runner	INFO	Running command: "C:\\Program Files\\Mozilla Firefox\\firefox.exe" "--marionette" "-foreground" "-no-remote" "-profile" "C:\\Users\\33619\\AppData\\Local\\Temp\\rust_mozprofileySYIS2"
JavaScript error: resource://gre/modules/XULStore.jsm, line 66: Error: Can't find profile directory.
console.error: SearchCache: "_readCacheFile: Error reading cache file:" (new Error("", "(unknown module)"))
1598974075082	Marionette	INFO	Listening on port 65209
1598974075147	Marionette	WARN	TLS certificate errors will be ignored for this session
1598974076611	Marionette	INFO	Stopped listening on port 65209
console.error: Region.jsm: "Error fetching region" (new TypeError("NetworkError when attempting to fetch resource.", ""))
console.error: Region.jsm: "Failed to fetch region" (new Error("NO_RESULT", "resource://gre/modules/Region.jsm", 343))

###!!! [Child][RunMessage] Error: Channel closing: too late to send/recv, messages will be lost


###!!! [Child][MessageChannel::SendAndWait] Error: Channel error: cannot send/recv

1598983559508	geckodriver	INFO	Listening on 127.0.0.1:50693
1598983562788	mozrunner::runner	INFO	Running command: "C:\\Program Files\\Mozilla Firefox\\firefox.exe" "--marionette" "-foreground" "-no-remote" "-profile" "C:\\Users\\33619\\AppData\\Local\\Temp\\rust_mozprofilePGD2rl"
JavaScript error: resource://gre/modules/XULStore.jsm, line 66: Error: Can't find profile directory.
console.error: SearchCache: "_readCacheFile: Error reading cache file:" (new Error("", "(unknown module)"))
1598983565467	Marionette	INFO	Listening on port 50702
1598983565959	Marionette	WARN	TLS certificate errors will be ignored for this session
1598983567643	Marionette	INFO	Stopped listening on port 50702

###!!! [Child][RunMessage] Error: Channel closing: too late to send/recv, messages will be lost


###!!! [Child][MessageChannel::SendAndWait] Error: Channel error: cannot send/recv

1599002119491	geckodriver	INFO	Listening on 127.0.0.1:55172
1599002122785	mozrunner::runner	INFO	Running command: "C:\\Program Files\\Mozilla Firefox\\firefox.exe" "--marionette" "-foreground" "-no-remote" "-profile" "C:\\Users\\33619\\AppData\\Local\\Temp\\rust_mozprofileWmTukc"
1599002339220	geckodriver	INFO	Listening on 127.0.0.1:55421
1599002342483	mozrunner::runner	INFO	Running command: "C:\\Program Files\\Mozilla Firefox\\firefox.exe" "--marionette" "-foreground" "-no-remote" "-profile" "C:\\Users\\33619\\AppData\\Local\\Temp\\rust_mozprofiledjWKBm"
JavaScript error: resource://gre/modules/XULStore.jsm, line 66: Error: Can't find profile directory.
console.error: SearchCache: "_readCacheFile: Error reading cache file:" (new Error("", "(unknown module)"))
1599002345519	Marionette	INFO	Listening on port 55429
1599002345666	Marionette	WARN	TLS certificate errors will be ignored for this session
1599002346660	Marionette	INFO	Stopped listening on port 55429

###!!! [Child][RunMessage] Error: Channel closing: too late to send/recv, messages will be lost


###!!! [Child][MessageChannel::SendAndWait] Error: Channel error: cannot send/recv

1599002409063	geckodriver	INFO	Listening on 127.0.0.1:55549
1599002412126	mozrunner::runner	INFO	Running command: "C:\\Program Files\\Mozilla Firefox\\firefox.exe" "--marionette" "-foreground" "-no-remote" "-profile" "C:\\Users\\33619\\AppData\\Local\\Temp\\rust_mozprofileGyZ3VM"
JavaScript error: resource://gre/modules/XULStore.jsm, line 66: Error: Can't find profile directory.
console.error: SearchCache: "_readCacheFile: Error reading cache file:" (new Error("", "(unknown module)"))
1599002415001	Marionette	INFO	Listening on port 55557
1599002415300	Marionette	WARN	TLS certificate errors will be ignored for this session
JavaScript error: http://localhost:8000/user/login/, line 172: SyntaxError: missing ) after condition
JavaScript error: http://localhost:8000/user/login/, line 172: SyntaxError: missing ) after condition
1599002429613	Marionette	INFO	Stopped listening on port 55557

###!!! [Child][RunMessage] Error: Channel closing: too late to send/recv, messages will be lost


###!!! [Child][MessageChannel::SendAndWait] Error: Channel error: cannot send/recv

1599003134508	geckodriver	INFO	Listening on 127.0.0.1:55929
1599003137588	mozrunner::runner	INFO	Running command: "C:\\Program Files\\Mozilla Firefox\\firefox.exe" "--marionette" "-foreground" "-no-remote" "-profile" "C:\\Users\\33619\\AppData\\Local\\Temp\\rust_mozprofile43dFaW"
JavaScript error: resource://gre/modules/XULStore.jsm, line 66: Error: Can't find profile directory.
console.error: SearchCache: "_readCacheFile: Error reading cache file:" (new Error("", "(unknown module)"))
1599003140855	Marionette	INFO	Listening on port 55937
1599003141272	Marionette	WARN	TLS certificate errors will be ignored for this session
JavaScript error: http://localhost:8000/user/login/, line 172: SyntaxError: missing ) after condition
JavaScript error: http://localhost:8000/user/login/, line 172: SyntaxError: missing ) after condition
1599003155233	Marionette	INFO	Stopped listening on port 55937

###!!! [Child][RunMessage] Error: Channel closing: too late to send/recv, messages will be lost


###!!! [Child][MessageChannel::SendAndWait] Error: Channel error: cannot send/recv

1599003414539	geckodriver	INFO	Listening on 127.0.0.1:56170
1599003417621	mozrunner::runner	INFO	Running command: "C:\\Program Files\\Mozilla Firefox\\firefox.exe" "--marionette" "-foreground" "-no-remote" "-profile" "C:\\Users\\33619\\AppData\\Local\\Temp\\rust_mozprofileY8UGtp"
JavaScript error: resource://gre/modules/XULStore.jsm, line 66: Error: Can't find profile directory.
console.error: SearchCache: "_readCacheFile: Error reading cache file:" (new Error("", "(unknown module)"))
1599003420324	Marionette	INFO	Listening on port 56178
1599003420797	Marionette	WARN	TLS certificate errors will be ignored for this session
JavaScript error: http://localhost:8000/user/login/, line 172: SyntaxError: missing ) after condition
JavaScript error: http://localhost:8000/user/login/, line 172: SyntaxError: missing ) after condition
1599003434882	Marionette	INFO	Stopped listening on port 56178

###!!! [Child][RunMessage] Error: Channel closing: too late to send/recv, messages will be lost


###!!! [Child][MessageChannel::SendAndWait] Error: Channel error: cannot send/recv

1599003714019	geckodriver	INFO	Listening on 127.0.0.1:56499
1599003717081	mozrunner::runner	INFO	Running command: "C:\\Program Files\\Mozilla Firefox\\firefox.exe" "--marionette" "-foreground" "-no-remote" "-profile" "C:\\Users\\33619\\AppData\\Local\\Temp\\rust_mozprofileQYHp2T"
JavaScript error: resource://gre/modules/XULStore.jsm, line 66: Error: Can't find profile directory.
console.error: SearchCache: "_readCacheFile: Error reading cache file:" (new Error("", "(unknown module)"))
1599003719754	Marionette	INFO	Listening on port 56507
1599003720252	Marionette	WARN	TLS certificate errors will be ignored for this session
JavaScript error: http://localhost:8000/user/login/, line 172: SyntaxError: missing ) after condition
JavaScript error: http://localhost:8000/user/login/, line 172: SyntaxError: missing ) after condition
1599003734366	Marionette	INFO	Stopped listening on port 56507

###!!! [Child][RunMessage] Error: Channel closing: too late to send/recv, messages will be lost


###!!! [Child][MessageChannel::SendAndWait] Error: Channel error: cannot send/recv

1599004339918	geckodriver	INFO	Listening on 127.0.0.1:56697
1599004342993	mozrunner::runner	INFO	Running command: "C:\\Program Files\\Mozilla Firefox\\firefox.exe" "--marionette" "-foreground" "-no-remote" "-profile" "C:\\Users\\33619\\AppData\\Local\\Temp\\rust_mozprofiledr8UAS"
JavaScript error: resource://gre/modules/XULStore.jsm, line 66: Error: Can't find profile directory.
console.error: SearchCache: "_readCacheFile: Error reading cache file:" (new Error("", "(unknown module)"))
1599004345525	Marionette	INFO	Listening on port 56705
1599004345658	Marionette	WARN	TLS certificate errors will be ignored for this session
JavaScript error: http://localhost:8000/user/login/, line 172: SyntaxError: missing ) after condition
JavaScript error: http://localhost:8000/user/login/, line 172: SyntaxError: missing ) after condition
1599004359536	Marionette	INFO	Stopped listening on port 56705

###!!! [Child][RunMessage] Error: Channel closing: too late to send/recv, messages will be lost


###!!! [Child][MessageChannel::SendAndWait] Error: Channel error: cannot send/recv

1599034892673	geckodriver	INFO	Listening on 127.0.0.1:58371
1599034895756	mozrunner::runner	INFO	Running command: "C:\\Program Files\\Mozilla Firefox\\firefox.exe" "--marionette" "-foreground" "-no-remote" "-profile" "C:\\Users\\33619\\AppData\\Local\\Temp\\rust_mozprofile8XdSMU"
JavaScript error: resource://gre/modules/XULStore.jsm, line 66: Error: Can't find profile directory.
console.error: SearchCache: "_readCacheFile: Error reading cache file:" (new Error("", "(unknown module)"))
1599034899915	Marionette	INFO	Listening on port 58379
1599034899958	Marionette	WARN	TLS certificate errors will be ignored for this session
JavaScript error: http://localhost:8000/user/login/, line 172: SyntaxError: missing ) after condition
JavaScript error: http://localhost:8000/user/login/, line 172: SyntaxError: missing ) after condition
1599034914609	Marionette	INFO	Stopped listening on port 58379

###!!! [Child][RunMessage] Error: Channel closing: too late to send/recv, messages will be lost


###!!! [Child][MessageChannel::SendAndWait] Error: Channel error: cannot send/recv

1599035300766	geckodriver	INFO	Listening on 127.0.0.1:58654
1599035303853	mozrunner::runner	INFO	Running command: "C:\\Program Files\\Mozilla Firefox\\firefox.exe" "--marionette" "-foreground" "-no-remote" "-profile" "C:\\Users\\33619\\AppData\\Local\\Temp\\rust_mozprofilemzS3dS"
JavaScript error: resource://gre/modules/XULStore.jsm, line 66: Error: Can't find profile directory.
console.error: SearchCache: "_readCacheFile: Error reading cache file:" (new Error("", "(unknown module)"))
1599035306619	Marionette	INFO	Listening on port 58662
1599035307042	Marionette	WARN	TLS certificate errors will be ignored for this session
JavaScript error: http://localhost:8000/user/login/, line 172: SyntaxError: missing ) after condition
JavaScript error: http://localhost:8000/user/login/, line 172: SyntaxError: missing ) after condition
1599035321325	Marionette	INFO	Stopped listening on port 58662

###!!! [Child][RunMessage] Error: Channel closing: too late to send/recv, messages will be lost


###!!! [Child][MessageChannel::SendAndWait] Error: Channel error: cannot send/recv

1599036906997	geckodriver	INFO	Listening on 127.0.0.1:59058
1599036910073	mozrunner::runner	INFO	Running command: "C:\\Program Files\\Mozilla Firefox\\firefox.exe" "--marionette" "-foreground" "-no-remote" "-profile" "C:\\Users\\33619\\AppData\\Local\\Temp\\rust_mozprofilemSmJo1"
JavaScript error: resource://gre/modules/XULStore.jsm, line 66: Error: Can't find profile directory.
console.error: SearchCache: "_readCacheFile: Error reading cache file:" (new Error("", "(unknown module)"))
1599036912539	Marionette	INFO	Listening on port 59067
1599036912739	Marionette	WARN	TLS certificate errors will be ignored for this session
JavaScript error: http://localhost:8000/user/login/, line 172: SyntaxError: missing ) after condition
JavaScript error: http://localhost:8000/user/login/, line 172: SyntaxError: missing ) after condition
1599036926698	Marionette	INFO	Stopped listening on port 59067

###!!! [Child][RunMessage] Error: Channel closing: too late to send/recv, messages will be lost


###!!! [Child][MessageChannel::SendAndWait] Error: Channel error: cannot send/recv

1599037059057	geckodriver	INFO	Listening on 127.0.0.1:59222
1599037062120	mozrunner::runner	INFO	Running command: "C:\\Program Files\\Mozilla Firefox\\firefox.exe" "--marionette" "-foreground" "-no-remote" "-profile" "C:\\Users\\33619\\AppData\\Local\\Temp\\rust_mozprofileUMIswb"
JavaScript error: resource://gre/modules/XULStore.jsm, line 66: Error: Can't find profile directory.
console.error: SearchCache: "_readCacheFile: Error reading cache file:" (new Error("", "(unknown module)"))
1599037064520	Marionette	INFO	Listening on port 59231
1599037064787	Marionette	WARN	TLS certificate errors will be ignored for this session
JavaScript error: http://localhost:8000/user/login/, line 172: SyntaxError: missing ) after condition
JavaScript error: http://localhost:8000/user/login/, line 172: SyntaxError: missing ) after condition
1599037172642	Marionette	INFO	Stopped listening on port 59231

###!!! [Child][RunMessage] Error: Channel closing: too late to send/recv, messages will be lost


###!!! [Child][MessageChannel::SendAndWait] Error: Channel error: cannot send/recv

1599042371405	geckodriver	INFO	Listening on 127.0.0.1:59646
1599042374487	mozrunner::runner	INFO	Running command: "C:\\Program Files\\Mozilla Firefox\\firefox.exe" "--marionette" "-foreground" "-no-remote" "-profile" "C:\\Users\\33619\\AppData\\Local\\Temp\\rust_mozprofileYFbCgt"
JavaScript error: resource://gre/modules/XULStore.jsm, line 66: Error: Can't find profile directory.
console.error: SearchCache: "_readCacheFile: Error reading cache file:" (new Error("", "(unknown module)"))
1599042376961	Marionette	INFO	Listening on port 59654
1599042377141	Marionette	WARN	TLS certificate errors will be ignored for this session
JavaScript error: http://localhost:8000/user/login/, line 172: SyntaxError: missing ) after condition
1599042385051	Marionette	INFO	Stopped listening on port 59654

###!!! [Child][RunMessage] Error: Channel closing: too late to send/recv, messages will be lost


###!!! [Child][MessageChannel::SendAndWait] Error: Channel error: cannot send/recv

1599042745924	geckodriver	INFO	Listening on 127.0.0.1:59830
1599042748991	mozrunner::runner	INFO	Running command: "C:\\Program Files\\Mozilla Firefox\\firefox.exe" "--marionette" "-foreground" "-no-remote" "-profile" "C:\\Users\\33619\\AppData\\Local\\Temp\\rust_mozprofileYXdjlN"
JavaScript error: resource://gre/modules/XULStore.jsm, line 66: Error: Can't find profile directory.
console.error: SearchCache: "_readCacheFile: Error reading cache file:" (new Error("", "(unknown module)"))
1599042751443	Marionette	INFO	Listening on port 59838
1599042751667	Marionette	WARN	TLS certificate errors will be ignored for this session
JavaScript error: http://localhost:8000/user/login/, line 172: SyntaxError: missing ) after condition
1599042759310	Marionette	INFO	Stopped listening on port 59838

###!!! [Child][RunMessage] Error: Channel closing: too late to send/recv, messages will be lost


###!!! [Child][MessageChannel::SendAndWait] Error: Channel error: cannot send/recv

1599042856432	geckodriver	INFO	Listening on 127.0.0.1:59986
1599042859491	mozrunner::runner	INFO	Running command: "C:\\Program Files\\Mozilla Firefox\\firefox.exe" "--marionette" "-foreground" "-no-remote" "-profile" "C:\\Users\\33619\\AppData\\Local\\Temp\\rust_mozprofileLO7hU9"
JavaScript error: resource://gre/modules/XULStore.jsm, line 66: Error: Can't find profile directory.
console.error: SearchCache: "_readCacheFile: Error reading cache file:" (new Error("", "(unknown module)"))
1599042861956	Marionette	INFO	Listening on port 59995
1599042862156	Marionette	WARN	TLS certificate errors will be ignored for this session
JavaScript error: http://localhost:8000/user/login/, line 172: SyntaxError: missing ) after condition
JavaScript error: http://localhost:8000/user/login/, line 172: SyntaxError: missing ) after condition
1599042866411	Marionette	INFO	Stopped listening on port 59995

###!!! [Child][RunMessage] Error: Channel closing: too late to send/recv, messages will be lost


###!!! [Child][MessageChannel::SendAndWait] Error: Channel error: cannot send/recv

1599043320243	geckodriver	INFO	Listening on 127.0.0.1:60186
1599043323288	mozrunner::runner	INFO	Running command: "C:\\Program Files\\Mozilla Firefox\\firefox.exe" "--marionette" "-foreground" "-no-remote" "-profile" "C:\\Users\\33619\\AppData\\Local\\Temp\\rust_mozprofileIeRqr2"
JavaScript error: resource://gre/modules/XULStore.jsm, line 66: Error: Can't find profile directory.
console.error: SearchCache: "_readCacheFile: Error reading cache file:" (new Error("", "(unknown module)"))
1599043325791	Marionette	INFO	Listening on port 60195
1599043325954	Marionette	WARN	TLS certificate errors will be ignored for this session
JavaScript error: http://localhost:8000/user/login/, line 172: SyntaxError: missing ) after condition
JavaScript error: http://localhost:8000/user/login/, line 172: SyntaxError: missing ) after condition
1599043330547	Marionette	INFO	Stopped listening on port 60195

###!!! [Child][RunMessage] Error: Channel closing: too late to send/recv, messages will be lost


###!!! [Child][MessageChannel::SendAndWait] Error: Channel error: cannot send/recv

1599043567771	geckodriver	INFO	Listening on 127.0.0.1:60355
1599043570856	mozrunner::runner	INFO	Running command: "C:\\Program Files\\Mozilla Firefox\\firefox.exe" "--marionette" "-foreground" "-no-remote" "-profile" "C:\\Users\\33619\\AppData\\Local\\Temp\\rust_mozprofilek74yrI"
JavaScript error: resource://gre/modules/XULStore.jsm, line 66: Error: Can't find profile directory.
console.error: SearchCache: "_readCacheFile: Error reading cache file:" (new Error("", "(unknown module)"))
1599043573527	Marionette	INFO	Listening on port 60363
1599043574028	Marionette	WARN	TLS certificate errors will be ignored for this session
JavaScript error: http://localhost:8000/user/login/, line 172: SyntaxError: missing ) after condition
JavaScript error: http://localhost:8000/user/login/, line 172: SyntaxError: missing ) after condition
1599043578661	Marionette	INFO	Stopped listening on port 60363

###!!! [Child][RunMessage] Error: Channel closing: too late to send/recv, messages will be lost


###!!! [Child][MessageChannel::SendAndWait] Error: Channel error: cannot send/recv

1599043893425	geckodriver	INFO	Listening on 127.0.0.1:60536
1599043896495	mozrunner::runner	INFO	Running command: "C:\\Program Files\\Mozilla Firefox\\firefox.exe" "--marionette" "-foreground" "-no-remote" "-profile" "C:\\Users\\33619\\AppData\\Local\\Temp\\rust_mozprofile4qRfFD"
JavaScript error: resource://gre/modules/XULStore.jsm, line 66: Error: Can't find profile directory.
console.error: SearchCache: "_readCacheFile: Error reading cache file:" (new Error("", "(unknown module)"))
1599043899206	Marionette	INFO	Listening on port 60544
1599043899670	Marionette	WARN	TLS certificate errors will be ignored for this session
JavaScript error: http://localhost:8000/user/login/, line 172: SyntaxError: missing ) after condition
JavaScript error: http://localhost:8000/user/login/, line 172: SyntaxError: missing ) after condition
1599043904388	Marionette	INFO	Stopped listening on port 60544

###!!! [Child][RunMessage] Error: Channel closing: too late to send/recv, messages will be lost


###!!! [Child][MessageChannel::SendAndWait] Error: Channel error: cannot send/recv

1599044040360	geckodriver	INFO	Listening on 127.0.0.1:60739
1599044043423	mozrunner::runner	INFO	Running command: "C:\\Program Files\\Mozilla Firefox\\firefox.exe" "--marionette" "-foreground" "-no-remote" "-profile" "C:\\Users\\33619\\AppData\\Local\\Temp\\rust_mozprofilewQmupF"
JavaScript error: resource://gre/modules/XULStore.jsm, line 66: Error: Can't find profile directory.
console.error: SearchCache: "_readCacheFile: Error reading cache file:" (new Error("", "(unknown module)"))
1599044046187	Marionette	INFO	Listening on port 60747
1599044046600	Marionette	WARN	TLS certificate errors will be ignored for this session
JavaScript error: http://localhost:8000/user/login/, line 172: SyntaxError: missing ) after condition
JavaScript error: http://localhost:8000/user/login/, line 172: SyntaxError: missing ) after condition
1599044051497	Marionette	INFO	Stopped listening on port 60747

###!!! [Child][RunMessage] Error: Channel closing: too late to send/recv, messages will be lost


###!!! [Child][MessageChannel::SendAndWait] Error: Channel error: cannot send/recv

1599046164427	geckodriver	INFO	Listening on 127.0.0.1:61159
1599046167512	mozrunner::runner	INFO	Running command: "C:\\Program Files\\Mozilla Firefox\\firefox.exe" "--marionette" "-foreground" "-no-remote" "-profile" "C:\\Users\\33619\\AppData\\Local\\Temp\\rust_mozprofileMgNJnZ"
JavaScript error: resource://gre/modules/XULStore.jsm, line 66: Error: Can't find profile directory.
console.error: SearchCache: "_readCacheFile: Error reading cache file:" (new Error("", "(unknown module)"))
1599046170487	Marionette	INFO	Listening on port 61167
1599046170675	Marionette	WARN	TLS certificate errors will be ignored for this session
JavaScript error: http://localhost:8000/user/login/, line 172: SyntaxError: missing ) after condition
1599046278960	Marionette	INFO	Stopped listening on port 61167

###!!! [Child][RunMessage] Error: Channel closing: too late to send/recv, messages will be lost


###!!! [Child][MessageChannel::SendAndWait] Error: Channel error: cannot send/recv

1599047098061	geckodriver	INFO	Listening on 127.0.0.1:61668
1599047101143	mozrunner::runner	INFO	Running command: "C:\\Program Files\\Mozilla Firefox\\firefox.exe" "--marionette" "-foreground" "-no-remote" "-profile" "C:\\Users\\33619\\AppData\\Local\\Temp\\rust_mozprofile70NK83"
JavaScript error: resource://gre/modules/XULStore.jsm, line 66: Error: Can't find profile directory.
console.error: SearchCache: "_readCacheFile: Error reading cache file:" (new Error("", "(unknown module)"))
1599047104214	Marionette	INFO	Listening on port 61677
1599047104315	Marionette	WARN	TLS certificate errors will be ignored for this session
JavaScript error: http://localhost:8000/user/login/, line 172: SyntaxError: missing ) after condition
1599047212799	Marionette	INFO	Stopped listening on port 61677

###!!! [Child][RunMessage] Error: Channel closing: too late to send/recv, messages will be lost


###!!! [Child][MessageChannel::SendAndWait] Error: Channel error: cannot send/recv

1599051080817	geckodriver	INFO	Listening on 127.0.0.1:62137
1599051083874	mozrunner::runner	INFO	Running command: "C:\\Program Files\\Mozilla Firefox\\firefox.exe" "--marionette" "-foreground" "-no-remote" "-profile" "C:\\Users\\33619\\AppData\\Local\\Temp\\rust_mozprofileT2tFaI"
JavaScript error: resource://gre/modules/XULStore.jsm, line 66: Error: Can't find profile directory.
console.error: SearchCache: "_readCacheFile: Error reading cache file:" (new Error("", "(unknown module)"))
1599051086621	Marionette	INFO	Listening on port 62148
1599051087046	Marionette	WARN	TLS certificate errors will be ignored for this session
JavaScript error: http://localhost:8000/user/login/, line 172: SyntaxError: missing ) after condition
JavaScript error: http://localhost:8000/user/login/, line 172: SyntaxError: missing ) after condition
1599051091708	Marionette	INFO	Stopped listening on port 62148

###!!! [Child][RunMessage] Error: Channel closing: too late to send/recv, messages will be lost


###!!! [Child][MessageChannel::SendAndWait] Error: Channel error: cannot send/recv

1599051990522	geckodriver	INFO	Listening on 127.0.0.1:62392
1599051993597	mozrunner::runner	INFO	Running command: "C:\\Program Files\\Mozilla Firefox\\firefox.exe" "--marionette" "-foreground" "-no-remote" "-profile" "C:\\Users\\33619\\AppData\\Local\\Temp\\rust_mozprofilem50Reh"
JavaScript error: resource://gre/modules/XULStore.jsm, line 66: Error: Can't find profile directory.
console.error: SearchCache: "_readCacheFile: Error reading cache file:" (new Error("", "(unknown module)"))
1599051996057	Marionette	INFO	Listening on port 62400
1599051996264	Marionette	WARN	TLS certificate errors will be ignored for this session
JavaScript error: http://localhost:8000/user/login/, line 172: SyntaxError: missing ) after condition
JavaScript error: http://localhost:8000/user/login/, line 172: SyntaxError: missing ) after condition
1599052000752	Marionette	INFO	Stopped listening on port 62400

###!!! [Child][RunMessage] Error: Channel closing: too late to send/recv, messages will be lost


###!!! [Child][MessageChannel::SendAndWait] Error: Channel error: cannot send/recv

1599052301291	geckodriver	INFO	Listening on 127.0.0.1:62631
1599052304377	mozrunner::runner	INFO	Running command: "C:\\Program Files\\Mozilla Firefox\\firefox.exe" "--marionette" "-foreground" "-no-remote" "-profile" "C:\\Users\\33619\\AppData\\Local\\Temp\\rust_mozprofilebE6itg"
JavaScript error: resource://gre/modules/XULStore.jsm, line 66: Error: Can't find profile directory.
console.error: SearchCache: "_readCacheFile: Error reading cache file:" (new Error("", "(unknown module)"))
1599052307089	Marionette	INFO	Listening on port 62639
1599052307552	Marionette	WARN	TLS certificate errors will be ignored for this session
JavaScript error: http://localhost:8000/user/login/, line 172: SyntaxError: missing ) after condition
JavaScript error: http://localhost:8000/user/login/, line 172: SyntaxError: missing ) after condition
1599052312302	Marionette	INFO	Stopped listening on port 62639

###!!! [Child][RunMessage] Error: Channel closing: too late to send/recv, messages will be lost


###!!! [Child][MessageChannel::SendAndWait] Error: Channel error: cannot send/recv

1599052381378	geckodriver	INFO	Listening on 127.0.0.1:62802
1599052384433	mozrunner::runner	INFO	Running command: "C:\\Program Files\\Mozilla Firefox\\firefox.exe" "--marionette" "-foreground" "-no-remote" "-profile" "C:\\Users\\33619\\AppData\\Local\\Temp\\rust_mozprofileOOKUtG"
JavaScript error: resource://gre/modules/XULStore.jsm, line 66: Error: Can't find profile directory.
console.error: SearchCache: "_readCacheFile: Error reading cache file:" (new Error("", "(unknown module)"))
1599052387148	Marionette	INFO	Listening on port 62810
1599052387605	Marionette	WARN	TLS certificate errors will be ignored for this session
JavaScript error: http://localhost:8000/user/login/, line 172: SyntaxError: missing ) after condition
JavaScript error: http://localhost:8000/user/login/, line 172: SyntaxError: missing ) after condition
1599052392447	Marionette	INFO	Stopped listening on port 62810

###!!! [Child][RunMessage] Error: Channel closing: too late to send/recv, messages will be lost


###!!! [Child][MessageChannel::SendAndWait] Error: Channel error: cannot send/recv

1599052600337	geckodriver	INFO	Listening on 127.0.0.1:62988
1599052603395	mozrunner::runner	INFO	Running command: "C:\\Program Files\\Mozilla Firefox\\firefox.exe" "--marionette" "-foreground" "-no-remote" "-profile" "C:\\Users\\33619\\AppData\\Local\\Temp\\rust_mozprofileD6phcw"
JavaScript error: resource://gre/modules/XULStore.jsm, line 66: Error: Can't find profile directory.
console.error: SearchCache: "_readCacheFile: Error reading cache file:" (new Error("", "(unknown module)"))
1599052606198	Marionette	INFO	Listening on port 62997
1599052606571	Marionette	WARN	TLS certificate errors will be ignored for this session
JavaScript error: http://localhost:8000/user/login/, line 172: SyntaxError: missing ) after condition
JavaScript error: http://localhost:8000/user/login/, line 172: SyntaxError: missing ) after condition
1599052611058	Marionette	INFO	Stopped listening on port 62997

###!!! [Child][RunMessage] Error: Channel closing: too late to send/recv, messages will be lost


###!!! [Child][MessageChannel::SendAndWait] Error: Channel error: cannot send/recv

1599055595744	geckodriver	INFO	Listening on 127.0.0.1:63896
1599055598807	mozrunner::runner	INFO	Running command: "C:\\Program Files\\Mozilla Firefox\\firefox.exe" "--marionette" "-foreground" "-no-remote" "-profile" "C:\\Users\\33619\\AppData\\Local\\Temp\\rust_mozprofileeeEOUG"
JavaScript error: resource://gre/modules/XULStore.jsm, line 66: Error: Can't find profile directory.
console.error: SearchCache: "_readCacheFile: Error reading cache file:" (new Error("", "(unknown module)"))
1599055601522	Marionette	INFO	Listening on port 63904
1599055601980	Marionette	WARN	TLS certificate errors will be ignored for this session
JavaScript error: http://localhost:8000/user/login/, line 172: SyntaxError: missing ) after condition
1599055710487	Marionette	INFO	Stopped listening on port 63904

###!!! [Child][RunMessage] Error: Channel closing: too late to send/recv, messages will be lost


###!!! [Child][MessageChannel::SendAndWait] Error: Channel error: cannot send/recv

1599058214493	geckodriver	INFO	Listening on 127.0.0.1:64402
1599058217557	mozrunner::runner	INFO	Running command: "C:\\Program Files\\Mozilla Firefox\\firefox.exe" "--marionette" "-foreground" "-no-remote" "-profile" "C:\\Users\\33619\\AppData\\Local\\Temp\\rust_mozprofilePgBmyP"
JavaScript error: resource://gre/modules/XULStore.jsm, line 66: Error: Can't find profile directory.
console.error: SearchCache: "_readCacheFile: Error reading cache file:" (new Error("", "(unknown module)"))
1599058220306	Marionette	INFO	Listening on port 64410
1599058220727	Marionette	WARN	TLS certificate errors will be ignored for this session
JavaScript error: http://localhost:8000/user/login/, line 172: SyntaxError: missing ) after condition
1599058329758	Marionette	INFO	Stopped listening on port 64410

###!!! [Child][MessageChannel::SendAndWait] Error: Channel error: cannot send/recv

1599058546651	geckodriver	INFO	Listening on 127.0.0.1:64586
1599058549734	mozrunner::runner	INFO	Running command: "C:\\Program Files\\Mozilla Firefox\\firefox.exe" "--marionette" "-foreground" "-no-remote" "-profile" "C:\\Users\\33619\\AppData\\Local\\Temp\\rust_mozprofile7jOJ9m"
JavaScript error: resource://gre/modules/XULStore.jsm, line 66: Error: Can't find profile directory.
console.error: SearchCache: "_readCacheFile: Error reading cache file:" (new Error("", "(unknown module)"))
1599058552218	Marionette	INFO	Listening on port 64594
1599058552399	Marionette	WARN	TLS certificate errors will be ignored for this session
JavaScript error: http://localhost:8000/user/login/, line 172: SyntaxError: missing ) after condition
JavaScript error: http://localhost:8000/user/login/, line 172: SyntaxError: missing ) after condition
1599058662349	Marionette	INFO	Stopped listening on port 64594

###!!! [Child][RunMessage] Error: Channel closing: too late to send/recv, messages will be lost


###!!! [Child][MessageChannel::SendAndWait] Error: Channel error: cannot send/recv

1599058750421	geckodriver	INFO	Listening on 127.0.0.1:64860
1599058753484	mozrunner::runner	INFO	Running command: "C:\\Program Files\\Mozilla Firefox\\firefox.exe" "--marionette" "-foreground" "-no-remote" "-profile" "C:\\Users\\33619\\AppData\\Local\\Temp\\rust_mozprofilejJCQP0"
JavaScript error: resource://gre/modules/XULStore.jsm, line 66: Error: Can't find profile directory.
console.error: SearchCache: "_readCacheFile: Error reading cache file:" (new Error("", "(unknown module)"))
1599058756068	Marionette	INFO	Listening on port 64868
1599058756150	Marionette	WARN	TLS certificate errors will be ignored for this session
JavaScript error: http://localhost:8000/user/login/, line 172: SyntaxError: missing ) after condition
1599058760154	Marionette	INFO	Stopped listening on port 64868

###!!! [Child][RunMessage] Error: Channel closing: too late to send/recv, messages will be lost


###!!! [Child][MessageChannel::SendAndWait] Error: Channel error: cannot send/recv

1599058921236	geckodriver	INFO	Listening on 127.0.0.1:65041
1599058924329	mozrunner::runner	INFO	Running command: "C:\\Program Files\\Mozilla Firefox\\firefox.exe" "--marionette" "-foreground" "-no-remote" "-profile" "C:\\Users\\33619\\AppData\\Local\\Temp\\rust_mozprofile6Dt27K"
JavaScript error: resource://gre/modules/XULStore.jsm, line 66: Error: Can't find profile directory.
console.error: SearchCache: "_readCacheFile: Error reading cache file:" (new Error("", "(unknown module)"))
1599058927878	Marionette	INFO	Listening on port 65049
1599058928011	Marionette	WARN	TLS certificate errors will be ignored for this session
JavaScript error: http://localhost:8000/user/login/, line 172: SyntaxError: missing ) after condition
1599058932453	Marionette	INFO	Stopped listening on port 65049

###!!! [Child][RunMessage] Error: Channel closing: too late to send/recv, messages will be lost


###!!! [Child][MessageChannel::SendAndWait] Error: Channel error: cannot send/recv

1599059223600	geckodriver	INFO	Listening on 127.0.0.1:65220
1599059226668	mozrunner::runner	INFO	Running command: "C:\\Program Files\\Mozilla Firefox\\firefox.exe" "--marionette" "-foreground" "-no-remote" "-profile" "C:\\Users\\33619\\AppData\\Local\\Temp\\rust_mozprofile2XbaaL"
JavaScript error: resource://gre/modules/XULStore.jsm, line 66: Error: Can't find profile directory.
console.error: SearchCache: "_readCacheFile: Error reading cache file:" (new Error("", "(unknown module)"))
1599059229643	Marionette	INFO	Listening on port 65228
1599059229844	Marionette	WARN	TLS certificate errors will be ignored for this session
JavaScript error: http://localhost:8000/user/login/, line 172: SyntaxError: missing ) after condition
1599059235018	Marionette	INFO	Stopped listening on port 65228

###!!! [Child][RunMessage] Error: Channel closing: too late to send/recv, messages will be lost


###!!! [Child][MessageChannel::SendAndWait] Error: Channel error: cannot send/recv

1599059369939	geckodriver	INFO	Listening on 127.0.0.1:65388
1599059373006	mozrunner::runner	INFO	Running command: "C:\\Program Files\\Mozilla Firefox\\firefox.exe" "--marionette" "-foreground" "-no-remote" "-profile" "C:\\Users\\33619\\AppData\\Local\\Temp\\rust_mozprofile2OFudI"
JavaScript error: resource://gre/modules/XULStore.jsm, line 66: Error: Can't find profile directory.
console.error: SearchCache: "_readCacheFile: Error reading cache file:" (new Error("", "(unknown module)"))
1599059375589	Marionette	INFO	Listening on port 65396
1599059375667	Marionette	WARN	TLS certificate errors will be ignored for this session
JavaScript error: http://localhost:8000/user/login/, line 172: SyntaxError: missing ) after condition
JavaScript error: chrome://marionette/content/proxy.js, line 287: NS_ERROR_NOT_INITIALIZED
1599059461671	Marionette	INFO	Stopped listening on port 65396

###!!! [Child][RunMessage] Error: Channel closing: too late to send/recv, messages will be lost


###!!! [Child][MessageChannel::SendAndWait] Error: Channel error: cannot send/recv

1599059536542	geckodriver	INFO	Listening on 127.0.0.1:49170
1599059539602	mozrunner::runner	INFO	Running command: "C:\\Program Files\\Mozilla Firefox\\firefox.exe" "--marionette" "-foreground" "-no-remote" "-profile" "C:\\Users\\33619\\AppData\\Local\\Temp\\rust_mozprofilevT2pwq"
JavaScript error: resource://gre/modules/XULStore.jsm, line 66: Error: Can't find profile directory.
console.error: SearchCache: "_readCacheFile: Error reading cache file:" (new Error("", "(unknown module)"))
1599059542225	Marionette	INFO	Listening on port 49178
1599059542269	Marionette	WARN	TLS certificate errors will be ignored for this session
JavaScript error: http://localhost:8000/user/login/, line 172: SyntaxError: missing ) after condition
1599059546000	Marionette	INFO	Stopped listening on port 49178

###!!! [Child][RunMessage] Error: Channel closing: too late to send/recv, messages will be lost


###!!! [Child][MessageChannel::SendAndWait] Error: Channel error: cannot send/recv

1599059854975	geckodriver	INFO	Listening on 127.0.0.1:49446
1599059858061	mozrunner::runner	INFO	Running command: "C:\\Program Files\\Mozilla Firefox\\firefox.exe" "--marionette" "-foreground" "-no-remote" "-profile" "C:\\Users\\33619\\AppData\\Local\\Temp\\rust_mozprofileu3tfM9"
JavaScript error: resource://gre/modules/XULStore.jsm, line 66: Error: Can't find profile directory.
console.error: SearchCache: "_readCacheFile: Error reading cache file:" (new Error("", "(unknown module)"))
1599059860757	Marionette	INFO	Listening on port 49454
1599059861237	Marionette	WARN	TLS certificate errors will be ignored for this session
JavaScript error: http://localhost:8000/user/login/, line 172: SyntaxError: missing ) after condition
1599059865177	Marionette	INFO	Stopped listening on port 49454

###!!! [Child][MessageChannel::SendAndWait] Error: Channel error: cannot send/recv

1599060148617	geckodriver	INFO	Listening on 127.0.0.1:49638
1599060151699	mozrunner::runner	INFO	Running command: "C:\\Program Files\\Mozilla Firefox\\firefox.exe" "--marionette" "-foreground" "-no-remote" "-profile" "C:\\Users\\33619\\AppData\\Local\\Temp\\rust_mozprofile9jw7nQ"
JavaScript error: resource://gre/modules/XULStore.jsm, line 66: Error: Can't find profile directory.
console.error: SearchCache: "_readCacheFile: Error reading cache file:" (new Error("", "(unknown module)"))
1599060154186	Marionette	INFO	Listening on port 49646
1599060154362	Marionette	WARN	TLS certificate errors will be ignored for this session
JavaScript error: http://localhost:8000/user/login/, line 172: SyntaxError: missing ) after condition
1599060157800	Marionette	INFO	Stopped listening on port 49646

###!!! [Child][RunMessage] Error: Channel closing: too late to send/recv, messages will be lost


###!!! [Child][MessageChannel::SendAndWait] Error: Channel error: cannot send/recv

1599060584062	geckodriver	INFO	Listening on 127.0.0.1:50284
1599060587120	mozrunner::runner	INFO	Running command: "C:\\Program Files\\Mozilla Firefox\\firefox.exe" "--marionette" "-foreground" "-no-remote" "-profile" "C:\\Users\\33619\\AppData\\Local\\Temp\\rust_mozprofile7MZlbF"
JavaScript error: resource://gre/modules/XULStore.jsm, line 66: Error: Can't find profile directory.
console.error: SearchCache: "_readCacheFile: Error reading cache file:" (new Error("", "(unknown module)"))
1599060589972	Marionette	INFO	Listening on port 50292
1599060590295	Marionette	WARN	TLS certificate errors will be ignored for this session
JavaScript error: http://localhost:8000/user/login/, line 172: SyntaxError: missing ) after condition
1599060594627	Marionette	INFO	Stopped listening on port 50292

###!!! [Child][RunMessage] Error: Channel closing: too late to send/recv, messages will be lost


###!!! [Child][MessageChannel::SendAndWait] Error: Channel error: cannot send/recv

1599060781704	geckodriver	INFO	Listening on 127.0.0.1:50570
1599060784790	mozrunner::runner	INFO	Running command: "C:\\Program Files\\Mozilla Firefox\\firefox.exe" "--marionette" "-foreground" "-no-remote" "-profile" "C:\\Users\\33619\\AppData\\Local\\Temp\\rust_mozprofilePWXj1j"
JavaScript error: resource://gre/modules/XULStore.jsm, line 66: Error: Can't find profile directory.
console.error: SearchCache: "_readCacheFile: Error reading cache file:" (new Error("", "(unknown module)"))
1599060787307	Marionette	INFO	Listening on port 50578
1599060787454	Marionette	WARN	TLS certificate errors will be ignored for this session
JavaScript error: http://localhost:8000/user/login/, line 172: SyntaxError: missing ) after condition
JavaScript error: chrome://marionette/content/proxy.js, line 287: NS_ERROR_NOT_INITIALIZED
1599060819007	Marionette	INFO	Stopped listening on port 50578

###!!! [Child][RunMessage] Error: Channel closing: too late to send/recv, messages will be lost


###!!! [Child][MessageChannel::SendAndWait] Error: Channel error: cannot send/recv

1599060888037	geckodriver	INFO	Listening on 127.0.0.1:50728
1599060891097	mozrunner::runner	INFO	Running command: "C:\\Program Files\\Mozilla Firefox\\firefox.exe" "--marionette" "-foreground" "-no-remote" "-profile" "C:\\Users\\33619\\AppData\\Local\\Temp\\rust_mozprofileHZlsUN"
JavaScript error: resource://gre/modules/XULStore.jsm, line 66: Error: Can't find profile directory.
console.error: SearchCache: "_readCacheFile: Error reading cache file:" (new Error("", "(unknown module)"))
1599060893852	Marionette	INFO	Listening on port 50736
1599060894271	Marionette	WARN	TLS certificate errors will be ignored for this session
JavaScript error: http://localhost:8000/user/login/, line 172: SyntaxError: missing ) after condition
1599060901214	Marionette	INFO	Stopped listening on port 50736

###!!! [Child][RunMessage] Error: Channel closing: too late to send/recv, messages will be lost


###!!! [Child][MessageChannel::SendAndWait] Error: Channel error: cannot send/recv

1599062875605	geckodriver	INFO	Listening on 127.0.0.1:54780
1599062878633	mozrunner::runner	INFO	Running command: "C:\\Program Files\\Mozilla Firefox\\firefox.exe" "--marionette" "-foreground" "-no-remote" "-profile" "C:\\Users\\33619\\AppData\\Local\\Temp\\rust_mozprofileRK6J1D"
JavaScript error: resource://gre/modules/XULStore.jsm, line 66: Error: Can't find profile directory.
console.error: SearchCache: "_readCacheFile: Error reading cache file:" (new Error("", "(unknown module)"))
1599062882062	Marionette	INFO	Listening on port 54788
1599062882312	Marionette	WARN	TLS certificate errors will be ignored for this session
JavaScript error: http://localhost:8000/user/login/, line 172: SyntaxError: missing ) after condition
1599062886935	Marionette	INFO	Stopped listening on port 54788

###!!! [Child][RunMessage] Error: Channel closing: too late to send/recv, messages will be lost


###!!! [Child][MessageChannel::SendAndWait] Error: Channel error: cannot send/recv

